


materialPath: C:\Program Files (x86)\Steam\steamapps\common\Counter-Strike Global Offensive\csgo\materials
Loading c:\users\caina\desktop\purge_rooftop.vmf
Map revision 1
Material not found!: /TUS-TEXT
fixing up env_cubemap materials on brush sides...
0...1...2...3...4...5...6...7...8...9...10**** leaked ****
Entity point_servercommand (0.00 128.00 -2112.00) leaked!
Processing areas...done (0)
Building Faces...done (0)
Chop Details...done (0)
Find Visible Detail Sides...done (0)
Merging details...done (0)
FixTjuncs...
PruneNodes...
WriteBSP...
done (0)
Finding displacement neighbors...
Finding lightmap sample positions...
Displacement Alpha : 0...1...2...3...4...5...6...7...8...9...10
Building Physics collision data...
done (0) (128232 bytes)
Placing detail props : 0...1...2...3...4...5...6...7...8...9...10
Compacting texture/material tables...
Reduced 354 texinfos to 269
Reduced 26 texdatas to 26 (592 bytes to 592)
Writing c:\users\caina\desktop\purge_rooftop.bsp
MSG_FILEWRITE - Filesystem was asked to write to 'c:\users\caina\desktop\purge_rooftop.bsp', but we don't own that location. Allowing.
3 seconds elapsed



4 threads
reading c:\users\caina\desktop\purge_rooftop.bsp
reading c:\users\caina\desktop\purge_rooftop.prt
LoadPortals: couldn't read c:\users\caina\desktop\purge_rooftop.prt



materialPath: C:\Program Files (x86)\Steam\steamapps\common\Counter-Strike Global Offensive\csgo\materials
Loading c:\users\caina\desktop\purge_roof\purge_rooftop.vmf
Map revision 4
Material not found!: /TUS-TEXT
fixing up env_cubemap materials on brush sides...
0...1...2...3...4...5...6...7...8...9...10**** leaked ****
Entity point_servercommand (0.00 128.00 -2112.00) leaked!
Processing areas...done (0)
Building Faces...done (0)
Chop Details...done (0)
Find Visible Detail Sides...done (0)
Merging details...done (0)
FixTjuncs...
PruneNodes...
WriteBSP...
done (0)
Finding displacement neighbors...
Finding lightmap sample positions...
Displacement Alpha : 0...1...2...3...4...5...6...7...8...9...10
Building Physics collision data...
done (0) (123085 bytes)
Placing detail props : 0...1...2...3...4...5...6...7...8...9...10
Compacting texture/material tables...
Reduced 340 texinfos to 257
Reduced 25 texdatas to 25 (567 bytes to 567)
Writing c:\users\caina\desktop\purge_roof\purge_rooftop.bsp
MSG_FILEWRITE - Filesystem was asked to write to 'c:\users\caina\desktop\purge_roof\purge_rooftop.bsp', but we don't own that location. Allowing.
2 seconds elapsed



4 threads
reading c:\users\caina\desktop\purge_roof\purge_rooftop.bsp
reading c:\users\caina\desktop\purge_roof\purge_rooftop.prt
LoadPortals: couldn't read c:\users\caina\desktop\purge_roof\purge_rooftop.prt



materialPath: C:\Program Files (x86)\Steam\steamapps\common\Counter-Strike Global Offensive\csgo\materials
Loading c:\users\caina\desktop\purge_roof\purge_rooftop.vmf
Map revision 5
Material not found!: /TUS-TEXT
fixing up env_cubemap materials on brush sides...
0...1...2...3...4...5...6...7...8...9...10**** leaked ****
Entity point_servercommand (0.00 128.00 -2112.00) leaked!
Processing areas...done (0)
Building Faces...done (0)
Chop Details...done (0)
Find Visible Detail Sides...done (0)
Merging details...done (0)
FixTjuncs...
PruneNodes...
WriteBSP...
done (1)
Finding displacement neighbors...
Finding lightmap sample positions...
Displacement Alpha : 0...1...2...3...4...5...6...7...8...9...10
Building Physics collision data...
done (0) (123085 bytes)
Placing detail props : 0...1...2...3...4...5...6...7...8...9...10
Compacting texture/material tables...
Reduced 342 texinfos to 259
Reduced 25 texdatas to 25 (567 bytes to 567)
Writing c:\users\caina\desktop\purge_roof\purge_rooftop.bsp
MSG_FILEWRITE - Filesystem was asked to write to 'c:\users\caina\desktop\purge_roof\purge_rooftop.bsp', but we don't own that location. Allowing.
2 seconds elapsed



4 threads
reading c:\users\caina\desktop\purge_roof\purge_rooftop.bsp
reading c:\users\caina\desktop\purge_roof\purge_rooftop.prt
LoadPortals: couldn't read c:\users\caina\desktop\purge_roof\purge_rooftop.prt



materialPath: C:\Program Files (x86)\Steam\steamapps\common\Counter-Strike Global Offensive\csgo\materials
Loading c:\users\caina\desktop\purge_roof\purge_rooftop.vmf
Map revision 7
Material not found!: /TUS-TEXT
fixing up env_cubemap materials on brush sides...
0...1...2...3...4...5...6...7...8...9...10**** leaked ****
Entity point_servercommand (0.00 128.00 -2112.00) leaked!
Processing areas...done (0)
Building Faces...done (0)
Chop Details...done (0)
Find Visible Detail Sides...done (0)
Merging details...done (0)
FixTjuncs...
PruneNodes...
WriteBSP...
done (0)
Finding displacement neighbors...
Finding lightmap sample positions...
Displacement Alpha : 0...1...2...3...4...5...6...7...8...9...10
Building Physics collision data...
done (0) (123085 bytes)
Placing detail props : 0...1...2...3...4...5...6...7...8...9...10
Compacting texture/material tables...
Reduced 342 texinfos to 259
Reduced 25 texdatas to 25 (567 bytes to 567)
Writing c:\users\caina\desktop\purge_roof\purge_rooftop.bsp
MSG_FILEWRITE - Filesystem was asked to write to 'c:\users\caina\desktop\purge_roof\purge_rooftop.bsp', but we don't own that location. Allowing.
3 seconds elapsed



4 threads
reading c:\users\caina\desktop\purge_roof\purge_rooftop.bsp
reading c:\users\caina\desktop\purge_roof\purge_rooftop.prt
LoadPortals: couldn't read c:\users\caina\desktop\purge_roof\purge_rooftop.prt



materialPath: C:\Program Files (x86)\Steam\steamapps\common\Counter-Strike Global Offensive\csgo\materials
Loading c:\users\caina\desktop\purge_roof\purge_rooftop.vmf
Map revision 8
Material not found!: /TUS-TEXT
fixing up env_cubemap materials on brush sides...
0...1...2...3...4...5...6...7...8...9...10**** leaked ****
Entity point_servercommand (0.00 128.00 -2112.00) leaked!
Processing areas...done (0)
Building Faces...done (0)
Chop Details...done (0)
Find Visible Detail Sides...done (0)
Merging details...done (0)
FixTjuncs...
PruneNodes...
WriteBSP...
done (0)
Finding displacement neighbors...
Finding lightmap sample positions...
Displacement Alpha : 0...1...2...3...4...5...6...7...8...9...10
Building Physics collision data...
done (0) (123085 bytes)
Placing detail props : 0...1...2...3...4...5...6...7...8...9...10
Compacting texture/material tables...
Reduced 342 texinfos to 259
Reduced 25 texdatas to 25 (567 bytes to 567)
Writing c:\users\caina\desktop\purge_roof\purge_rooftop.bsp
MSG_FILEWRITE - Filesystem was asked to write to 'c:\users\caina\desktop\purge_roof\purge_rooftop.bsp', but we don't own that location. Allowing.
1 second elapsed



4 threads
reading c:\users\caina\desktop\purge_roof\purge_rooftop.bsp
reading c:\users\caina\desktop\purge_roof\purge_rooftop.prt
LoadPortals: couldn't read c:\users\caina\desktop\purge_roof\purge_rooftop.prt
